#! /usr/bin/vvp
:ivl_version "10.1 (stable)";
:ivl_delay_selection "TYPICAL";
:vpi_time_precision - 9;
:vpi_module "system";
:vpi_module "vhdl_sys";
:vpi_module "v2005_math";
:vpi_module "va_math";
:vpi_module "v2009";
S_0x55e3b66b22a0 .scope module, "top" "top" 2 4;
 .timescale -9 -9;
v0x55e3b66d2a60_0 .var "clk", 0 0;
v0x55e3b66d2b20_0 .var "in", 7 0;
v0x55e3b66d2bf0_0 .net "out", 7 0, L_0x55e3b66d2dc0;  1 drivers
v0x55e3b66d2cf0_0 .var "rst", 0 0;
S_0x55e3b66b2420 .scope module, "r" "reg_incr" 2 13, 3 5 0, S_0x55e3b66b22a0;
 .timescale -9 -9;
    .port_info 0 /INPUT 1 "clk"
    .port_info 1 /INPUT 1 "rst"
    .port_info 2 /INPUT 8 "in"
    .port_info 3 /OUTPUT 8 "out"
L_0x55e3b66d2dc0 .functor BUFZ 8, v0x55e3b66d2900_0, C4<00000000>, C4<00000000>, C4<00000000>;
v0x55e3b66b2660_0 .net "clk", 0 0, v0x55e3b66d2a60_0;  1 drivers
v0x55e3b66d2540_0 .net "in", 7 0, v0x55e3b66d2b20_0;  1 drivers
v0x55e3b66d2620_0 .net "out", 7 0, L_0x55e3b66d2dc0;  alias, 1 drivers
v0x55e3b66d2710_0 .var "reg_out", 7 0;
v0x55e3b66d27f0_0 .net "rst", 0 0, v0x55e3b66d2cf0_0;  1 drivers
v0x55e3b66d2900_0 .var "tmp", 7 0;
E_0x55e3b66a7960 .event edge, v0x55e3b66d2710_0;
E_0x55e3b66a7d50 .event posedge, v0x55e3b66b2660_0;
    .scope S_0x55e3b66b2420;
T_0 ;
    %wait E_0x55e3b66a7d50;
    %load/vec4 v0x55e3b66d27f0_0;
    %flag_set/vec4 8;
    %jmp/0xz  T_0.0, 8;
    %pushi/vec4 0, 0, 8;
    %assign/vec4 v0x55e3b66d2710_0, 0;
    %jmp T_0.1;
T_0.0 ;
    %load/vec4 v0x55e3b66d2540_0;
    %addi 1, 0, 8;
    %assign/vec4 v0x55e3b66d2710_0, 0;
T_0.1 ;
    %jmp T_0;
    .thread T_0;
    .scope S_0x55e3b66b2420;
T_1 ;
    %wait E_0x55e3b66a7960;
    %load/vec4 v0x55e3b66d2710_0;
    %store/vec4 v0x55e3b66d2900_0, 0, 8;
    %jmp T_1;
    .thread T_1, $push;
    .scope S_0x55e3b66b22a0;
T_2 ;
    %pushi/vec4 1, 0, 1;
    %store/vec4 v0x55e3b66d2a60_0, 0, 1;
    %end;
    .thread T_2;
    .scope S_0x55e3b66b22a0;
T_3 ;
    %delay 1, 0;
    %load/vec4 v0x55e3b66d2a60_0;
    %inv;
    %store/vec4 v0x55e3b66d2a60_0, 0, 1;
    %jmp T_3;
    .thread T_3;
    .scope S_0x55e3b66b22a0;
T_4 ;
    %pushi/vec4 1, 0, 1;
    %store/vec4 v0x55e3b66d2cf0_0, 0, 1;
    %end;
    .thread T_4;
    .scope S_0x55e3b66b22a0;
T_5 ;
    %vpi_call/w 2 21 "$dumpfile", "incr_sim.vcd" {0 0 0};
    %vpi_call/w 2 22 "$dumpvars" {0 0 0};
    %delay 20, 0;
    %pushi/vec4 0, 0, 1;
    %store/vec4 v0x55e3b66d2cf0_0, 0, 1;
    %pushi/vec4 0, 0, 8;
    %store/vec4 v0x55e3b66d2b20_0, 0, 8;
    %delay 10, 0;
    %load/vec4 v0x55e3b66d2bf0_0;
    %cmpi/ne 1, 0, 8;
    %jmp/0xz  T_5.0, 4;
    %vpi_call/w 2 31 "$display", "ERROR" {0 0 0};
    %vpi_call/w 2 32 "$finish" {0 0 0};
T_5.0 ;
    %pushi/vec4 19, 0, 8;
    %store/vec4 v0x55e3b66d2b20_0, 0, 8;
    %delay 10, 0;
    %load/vec4 v0x55e3b66d2bf0_0;
    %cmpi/ne 20, 0, 8;
    %jmp/0xz  T_5.2, 4;
    %vpi_call/w 2 38 "$display", "ERROR: out, expected = %x, actual = %x", 8'b00010100, v0x55e3b66d2bf0_0 {0 0 0};
    %vpi_call/w 2 39 "$finish" {0 0 0};
T_5.2 ;
    %pushi/vec4 39, 0, 8;
    %store/vec4 v0x55e3b66d2b20_0, 0, 8;
    %delay 10, 0;
    %load/vec4 v0x55e3b66d2bf0_0;
    %cmpi/ne 40, 0, 8;
    %jmp/0xz  T_5.4, 4;
    %vpi_call/w 2 45 "$display", "ERROR: out, expected = %x, actual = %x", 8'b00101000, v0x55e3b66d2bf0_0 {0 0 0};
    %vpi_call/w 2 46 "$finish" {0 0 0};
T_5.4 ;
    %vpi_call/w 2 49 "$display", "*** PASSED ***" {0 0 0};
    %vpi_call/w 2 50 "$finish" {0 0 0};
    %end;
    .thread T_5;
# The file index is used to find the file name in the following table.
:file_names 4;
    "N/A";
    "<interactive>";
    "incr_test.v";
    "./incr.v";
